<?xml version="1.0" encoding="UTF-8"?>
<!-- Generated by org.testng.reporters.JUnitReportReporter -->
<testsuite hostname="Hariharan" failures="0" tests="1" name="com.crm.contacttest.TC05_CreateContactwithInformationTest" time="45.779" errors="0" timestamp="2023-09-07T12:55:54 IST" skipped="0">
  <testcase classname="com.crm.contacttest.TC05_CreateContactwithInformationTest" name="createContactwithInformation" time="45.779"/>
  <system-out/>
</testsuite> <!-- com.crm.contacttest.TC05_CreateContactwithInformationTest -->
