<?xml version="1.0" encoding="UTF-8"?>
<!-- Generated by org.testng.reporters.JUnitReportReporter -->
<testsuite hostname="Hariharan" failures="0" tests="1" name="com.crm.contacttest.TC04_CreateContactTest" time="45.800" errors="0" timestamp="2023-09-07T15:19:12 IST" skipped="0">
  <testcase classname="com.crm.contacttest.TC04_CreateContactTest" name="createContact" time="45.800"/>
  <system-out/>
</testsuite> <!-- com.crm.contacttest.TC04_CreateContactTest -->
