<?xml version="1.0" encoding="UTF-8"?>
<!-- Generated by org.testng.reporters.JUnitReportReporter -->
<testsuite hostname="Hariharan" failures="0" tests="1" name="com.crm.orgtest.TC01_CreateOrganisationTest" time="47.408" errors="0" timestamp="2023-09-07T15:19:12 IST" skipped="0">
  <testcase classname="com.crm.orgtest.TC01_CreateOrganisationTest" name="createorganisation" time="47.408"/>
  <system-out/>
</testsuite> <!-- com.crm.orgtest.TC01_CreateOrganisationTest -->
