<?xml version="1.0" encoding="UTF-8"?>
<!-- Generated by org.testng.reporters.JUnitReportReporter -->
<testsuite hostname="Hariharan" failures="0" tests="1" name="demo.DemoTest2" time="12.102" errors="0" timestamp="2023-09-08T16:41:38 IST" skipped="0">
  <testcase classname="demo.DemoTest2" name="demotest2" time="12.102"/>
  <system-out/>
</testsuite> <!-- demo.DemoTest2 -->
