<?xml version="1.0" encoding="UTF-8"?>
<!-- Generated by org.testng.reporters.JUnitReportReporter -->
<testsuite hostname="Hariharan" failures="0" tests="1" name="com.crm.contacttest.TC04_CreateContactTest" time="57.283" errors="0" timestamp="2023-09-07T12:01:34 IST" skipped="0">
  <testcase classname="com.crm.contacttest.TC04_CreateContactTest" name="createContact" time="57.283"/>
  <system-out/>
</testsuite> <!-- com.crm.contacttest.TC04_CreateContactTest -->
